<?xml version="1.0" encoding="UTF-8"?>
<!-- Generated by org.testng.reporters.JUnitXMLReporter -->
<testsuite hostname="Lenovo" ignored="0" name="Test" tests="4" failures="0" timestamp="06 Aug 2019 10:46:13 GMT" time="0.072" errors="0">
  <testcase name="createuser" time="0.015" classname="testng.Dependencies"/>
  <testcase name="creatproduct" time="0.003" classname="testng.Dependencies"/>
  <testcase name="deleteproduct" time="0.003" classname="testng.Dependencies"/>
  <testcase name="deleteser" time="0.002" classname="testng.Dependencies"/>
</testsuite> <!-- Test -->
